<?xml version="1.0" encoding="UTF-8"?>
<!-- Generated by org.testng.reporters.JUnitReportReporter -->
<testsuite hostname="dell-PC" name="comTestcases.Win" tests="1" failures="0" timestamp="17 Aug 2016 16:13:24 GMT" time="64.716" errors="0">
  <testcase name="f" time="64.716" classname="comTestcases.Win"/>
</testsuite> <!-- comTestcases.Win -->
