<?xml version="1.0" encoding="UTF-8"?>
<!-- Generated by org.testng.reporters.JUnitReportReporter -->
<testsuite hostname="dell-PC" name="comTestcases.Base" tests="1" failures="0" timestamp="11 Aug 2016 18:09:12 GMT" time="16.861" errors="0">
  <testcase name="Login" time="16.861" classname="comTestcases.Base"/>
</testsuite> <!-- comTestcases.Base -->
