<?xml version="1.0" encoding="UTF-8"?>
<!-- Generated by org.testng.reporters.JUnitReportReporter -->
<testsuite hostname="dell-PC" name="comTestcases.Table" tests="1" failures="0" timestamp="20 Aug 2016 14:18:22 GMT" time="6.544" errors="0">
  <testcase name="f" time="6.544" classname="comTestcases.Table"/>
</testsuite> <!-- comTestcases.Table -->
