<?xml version="1.0" encoding="UTF-8"?>
<!-- Generated by org.testng.reporters.JUnitReportReporter -->
<testsuite hostname="dell-PC" name="comTestcases.NewTest" tests="1" failures="0" timestamp="11 Aug 2016 18:09:12 GMT" time="0.187" errors="0">
  <testcase name="f" time="0.187" classname="comTestcases.NewTest"/>
</testsuite> <!-- comTestcases.NewTest -->
